0 silly argv {
0 silly argv   _: [ 'publish' ],
0 silly argv   composed: 'publish',
0 silly argv   lernaVersion: '8.1.8',
0 silly argv   '$0': 'node_modules\\lerna\\dist\\cli.js'
0 silly argv }
1 notice cli v8.1.8
2 verbose packageConfigs Package manager "pnpm" detected. Resolving packages using `pnpm-workspace.yaml`.
3 verbose rootPath C:\Code\github\lerna-learn
4 verbose session cdcc6a5a680d6c8d
5 verbose user-agent lerna/8.1.8/node@v20.11.0+x64 (win32)
6 silly argv { _: [ 'publish' ], composed: 'publish', lernaVersion: '8.1.8' }
7 verbose packageConfigs Package manager "pnpm" detected. Resolving packages using `pnpm-workspace.yaml`.
8 verbose rootPath C:\Code\github\lerna-learn
9 info current version 0.0.1
10 silly isAnythingCommitted
11 verbose isAnythingCommitted 1
12 silly getCurrentBranch
13 verbose currentBranch main
14 silly remoteBranchExists
15 silly isBehindUpstream
16 silly isBehindUpstream main is behind origin/main by 0 commit(s) and ahead by 0
17 silly hasTags
18 verbose hasTags false
19 info Assuming all packages changed
20 verbose updated @laibh-dev-cli/core
21 verbose updated @laibh-dev-cli/utils
22 verbose git-describe undefined => "74db7b4"
23 silly git-describe parsed => {"refCount":"13","sha":"74db7b4","isDirty":false}
24 info execute Skipping releases
25 silly lifecycle No script for "preversion" in "laibh-dev-cli", continuing
26 silly lifecycle No script for "preversion" in "@laibh-dev-cli/utils", continuing
27 verbose version @laibh-dev-cli/utils has no lockfile. Skipping lockfile update.
28 silly lifecycle No script for "version" in "@laibh-dev-cli/utils", continuing
29 silly lifecycle No script for "preversion" in "@laibh-dev-cli/core", continuing
30 verbose version @laibh-dev-cli/core has no lockfile. Skipping lockfile update.
31 silly lifecycle No script for "version" in "@laibh-dev-cli/core", continuing
32 silly lifecycle No script for "version" in "laibh-dev-cli", continuing
33 verbose version Updating root pnpm-lock.yaml
34 silly gitAdd [
34 silly gitAdd   'packages/utils/package.json',
34 silly gitAdd   'packages/core/package.json',
34 silly gitAdd   'lerna.json',
34 silly gitAdd   'pnpm-lock.yaml'
34 silly gitAdd ]
35 silly gitTag v0.0.1 git tag %s -m %s
36 verbose git [ 'tag', 'v0.0.1', '-m', 'v0.0.1' ]
37 silly lifecycle No script for "postversion" in "@laibh-dev-cli/core", continuing
38 silly lifecycle No script for "postversion" in "@laibh-dev-cli/utils", continuing
39 silly lifecycle No script for "postversion" in "laibh-dev-cli", continuing
40 info git Pushing tags...
41 silly gitPush origin main
42 info publish Publishing packages to npm...
43 notice Skipping all user and access validation due to third-party registry
44 notice Make sure you're authenticated properly ¯\_(ツ)_/¯
45 silly getCurrentSHA
46 verbose getCurrentSHA 74db7b4edf9d5b4b44be8853caa7e12ff5d1ed03
47 silly lifecycle No script for "prepublish" in "laibh-dev-cli", continuing
48 silly lifecycle No script for "prepare" in "laibh-dev-cli", continuing
49 silly lifecycle No script for "prepublishOnly" in "laibh-dev-cli", continuing
50 silly lifecycle No script for "prepack" in "laibh-dev-cli", continuing
51 verbose pack-directory packages\utils
52 silly lifecycle No script for "prepublish" in "@laibh-dev-cli/utils", continuing
53 silly lifecycle No script for "prepare" in "@laibh-dev-cli/utils", continuing
54 silly lifecycle No script for "prepublishOnly" in "@laibh-dev-cli/utils", continuing
55 silly lifecycle No script for "prepack" in "@laibh-dev-cli/utils", continuing
56 silly lifecycle No script for "postpack" in "@laibh-dev-cli/utils", continuing
57 verbose packed packages\utils
58 verbose pack-directory packages\core
59 silly lifecycle No script for "prepublish" in "@laibh-dev-cli/core", continuing
60 silly lifecycle No script for "prepare" in "@laibh-dev-cli/core", continuing
61 silly lifecycle No script for "prepublishOnly" in "@laibh-dev-cli/core", continuing
62 silly lifecycle No script for "prepack" in "@laibh-dev-cli/core", continuing
63 silly lifecycle No script for "postpack" in "@laibh-dev-cli/core", continuing
64 verbose packed packages\core
65 silly lifecycle No script for "postpack" in "laibh-dev-cli", continuing
66 verbose publish @laibh-dev-cli/utils
67 silly FetchError: request to https://registry.npmjs.org/@laibh-dev-cli%2futils failed, reason: read ECONNRESET
67 silly     at ClientRequest.<anonymous> (C:\Code\github\lerna-learn\node_modules\.pnpm\minipass-fetch@3.0.5\node_modules\minipass-fetch\lib\index.js:130:14)
67 silly     at ClientRequest.emit (node:events:518:28)
67 silly     at _destroy (node:_http_client:875:13)
67 silly     at onSocketNT (node:_http_client:895:5)
67 silly     at process.processTicksAndRejections (node:internal/process/task_queues:83:21)
67 silly  FetchError: request to https://registry.npmjs.org/@laibh-dev-cli%2futils failed, reason: read ECONNRESET
67 silly     at ClientRequest.<anonymous> (C:\Code\github\lerna-learn\node_modules\.pnpm\minipass-fetch@3.0.5\node_modules\minipass-fetch\lib\index.js:130:14)
67 silly     at ClientRequest.emit (node:events:518:28)
67 silly     at _destroy (node:_http_client:875:13)
67 silly     at onSocketNT (node:_http_client:895:5)
67 silly     at process.processTicksAndRejections (node:internal/process/task_queues:83:21) {
67 silly   code: 'ECONNRESET',
67 silly   errno: 'ECONNRESET',
67 silly   syscall: 'read',
67 silly   type: 'system'
67 silly }
68 warn notice Package failed to publish: @laibh-dev-cli/utils
69 error ECONNRESET request to https://registry.npmjs.org/@laibh-dev-cli%2futils failed, reason: read ECONNRESET
70 error errno "ECONNRESET" is not a valid exit code - exiting with code 1
71 error FetchError: request to https://registry.npmjs.org/@laibh-dev-cli%2futils failed, reason: read ECONNRESET
71 error     at ClientRequest.<anonymous> (C:\Code\github\lerna-learn\node_modules\.pnpm\minipass-fetch@3.0.5\node_modules\minipass-fetch\lib\index.js:130:14)
71 error     at ClientRequest.emit (node:events:518:28)
71 error     at _destroy (node:_http_client:875:13)
71 error     at onSocketNT (node:_http_client:895:5)
